This file contains any messages produced by compilers while
running configure, to aid debugging if configure makes a mistake.

It was created by configure, which was
generated by GNU Autoconf 2.69.  Invocation command line was

  $ ./configure 

## --------- ##
## Platform. ##
## --------- ##

hostname = onecthree
uname -m = x86_64
uname -r = 5.15.0-122-generic
uname -s = Linux
uname -v = #132~20.04.1-Ubuntu SMP Fri Aug 30 15:50:07 UTC 2024

/usr/bin/uname -p = x86_64
/bin/uname -X     = unknown

/bin/arch              = x86_64
/usr/bin/arch -k       = unknown
/usr/convex/getsysinfo = unknown
/usr/bin/hostinfo      = unknown
/bin/machine           = unknown
/usr/bin/oslevel       = unknown
/bin/universe          = unknown

PATH: /home/onecthree/.cargo/bin
PATH: /home/onecthree/.local/bin
PATH: /usr/local/sbin
PATH: /usr/local/bin
PATH: /usr/sbin
PATH: /usr/bin
PATH: /sbin
PATH: /bin
PATH: /usr/games
PATH: /usr/local/games
PATH: /snap/bin
PATH: /home/onecthree/.spicetify
PATH: /home/onecthree/.spicetify


## ----------- ##
## Core tests. ##
## ----------- ##

configure:2134: checking for grep that handles long lines and -e
configure:2192: result: /usr/bin/grep
configure:2197: checking for egrep
configure:2259: result: /usr/bin/grep -E
configure:2264: checking for a sed that does not truncate output
configure:2328: result: /usr/bin/sed
configure:2467: checking for pkg-config
configure:2485: found /usr/bin/pkg-config
configure:2497: result: /usr/bin/pkg-config
configure:2522: checking pkg-config is at least version 0.9.0
configure:2525: result: yes
configure:2587: checking for cc
configure:2603: found /usr/bin/cc
configure:2614: result: cc
configure:2645: checking for C compiler version
configure:2654: cc --version >&5
cc (Ubuntu 13.1.0-8ubuntu1~20.04.2) 13.1.0
Copyright (C) 2023 Free Software Foundation, Inc.
This is free software; see the source for copying conditions.  There is NO
warranty; not even for MERCHANTABILITY or FITNESS FOR A PARTICULAR PURPOSE.

configure:2665: $? = 0
configure:2654: cc -v >&5
Using built-in specs.
COLLECT_GCC=cc
COLLECT_LTO_WRAPPER=/usr/libexec/gcc/x86_64-linux-gnu/13/lto-wrapper
Target: x86_64-linux-gnu
Configured with: ../src/configure -v --with-pkgversion='Ubuntu 13.1.0-8ubuntu1~20.04.2' --with-bugurl=file:///usr/share/doc/gcc-13/README.Bugs --enable-languages=c,ada,c++,go,d,fortran,objc,obj-c++,m2,rust --prefix=/usr --with-gcc-major-version-only --program-suffix=-13 --program-prefix=x86_64-linux-gnu- --enable-shared --enable-linker-build-id --libexecdir=/usr/libexec --without-included-gettext --enable-threads=posix --libdir=/usr/lib --enable-nls --enable-clocale=gnu --enable-libstdcxx-debug --enable-libstdcxx-time=yes --with-default-libstdcxx-abi=new --enable-gnu-unique-object --disable-vtable-verify --enable-plugin --enable-default-pie --with-system-zlib --enable-libphobos-checking=release --with-target-system-zlib=auto --enable-objc-gc=auto --enable-multiarch --disable-werror --enable-cet --with-arch-32=i686 --with-abi=m64 --with-multilib-list=m32,m64,mx32 --enable-multilib --with-tune=generic --enable-checking=release --build=x86_64-linux-gnu --host=x86_64-linux-gnu --target=x86_64-linux-gnu
Thread model: posix
Supported LTO compression algorithms: zlib zstd
gcc version 13.1.0 (Ubuntu 13.1.0-8ubuntu1~20.04.2) 
configure:2665: $? = 0
configure:2654: cc -V >&5
cc: error: unrecognized command-line option '-V'
cc: fatal error: no input files
compilation terminated.
configure:2665: $? = 1
configure:2654: cc -qversion >&5
cc: error: unrecognized command-line option '-qversion'; did you mean '--version'?
cc: fatal error: no input files
compilation terminated.
configure:2665: $? = 1
configure:2685: checking whether the C compiler works
configure:2707: cc    conftest.c  >&5
configure:2711: $? = 0
configure:2759: result: yes
configure:2762: checking for C compiler default output file name
configure:2764: result: a.out
configure:2770: checking for suffix of executables
configure:2777: cc -o conftest    conftest.c  >&5
configure:2781: $? = 0
configure:2803: result: 
configure:2825: checking whether we are cross compiling
configure:2833: cc -o conftest    conftest.c  >&5
configure:2837: $? = 0
configure:2844: ./conftest
configure:2848: $? = 0
configure:2836: result: no
configure:2841: checking for suffix of object files
configure:2863: cc -c   conftest.c >&5
configure:2867: $? = 0
configure:2888: result: o
configure:2892: checking whether we are using the GNU C compiler
configure:2911: cc -c   conftest.c >&5
configure:2911: $? = 0
configure:2920: result: yes
configure:2929: checking whether cc accepts -g
configure:2949: cc -c -g  conftest.c >&5
configure:2949: $? = 0
configure:2990: result: yes
configure:3007: checking for cc option to accept ISO C89
configure:3070: cc  -c -g -O2  conftest.c >&5
configure:3070: $? = 0
configure:3083: result: none needed
configure:3109: checking how to run the C preprocessor
configure:3140: cc -E  conftest.c
configure:3140: $? = 0
configure:3154: cc -E  conftest.c
conftest.c:9:10: fatal error: ac_nonexistent.h: No such file or directory
    9 | #include <ac_nonexistent.h>
      |          ^~~~~~~~~~~~~~~~~~
compilation terminated.
configure:3154: $? = 1
configure: failed program was:
| /* confdefs.h */
| #define PACKAGE_NAME ""
| #define PACKAGE_TARNAME ""
| #define PACKAGE_VERSION ""
| #define PACKAGE_STRING ""
| #define PACKAGE_BUGREPORT ""
| #define PACKAGE_URL ""
| /* end confdefs.h.  */
| #include <ac_nonexistent.h>
configure:3179: result: cc -E
configure:3199: cc -E  conftest.c
configure:3199: $? = 0
configure:3213: cc -E  conftest.c
conftest.c:9:10: fatal error: ac_nonexistent.h: No such file or directory
    9 | #include <ac_nonexistent.h>
      |          ^~~~~~~~~~~~~~~~~~
compilation terminated.
configure:3213: $? = 1
configure: failed program was:
| /* confdefs.h */
| #define PACKAGE_NAME ""
| #define PACKAGE_TARNAME ""
| #define PACKAGE_VERSION ""
| #define PACKAGE_STRING ""
| #define PACKAGE_BUGREPORT ""
| #define PACKAGE_URL ""
| /* end confdefs.h.  */
| #include <ac_nonexistent.h>
configure:3244: checking for icc
configure:3253: result: no
configure:3267: checking for suncc
configure:3276: result: no
configure:3294: checking for system library directory
configure:3309: result: lib
configure:3316: checking if compiler supports -Wl,-rpath,
configure:3335: cc -o conftest -g -O2   conftest.c -Wl,-rpath,/usr/lib  >&5
configure:3335: $? = 0
configure:3345: result: yes
configure:3395: checking build system type
configure:3409: result: x86_64-pc-linux-gnu
configure:3429: checking host system type
configure:3442: result: x86_64-pc-linux-gnu
configure:3462: checking target system type
configure:3475: result: x86_64-pc-linux-gnu
configure:3578: checking for PHP prefix
configure:3580: result: /usr
configure:3582: checking for PHP includes
configure:3584: result: -I/usr/include/php/20220829 -I/usr/include/php/20220829/main -I/usr/include/php/20220829/TSRM -I/usr/include/php/20220829/Zend -I/usr/include/php/20220829/ext -I/usr/include/php/20220829/ext/date/lib
configure:3586: checking for PHP extension directory
configure:3588: result: /usr/lib/php/20220829
configure:3590: checking for PHP installed headers prefix
configure:3592: result: /usr/include/php/20220829
configure:3595: checking if debug is enabled
configure:3621: result: no
configure:3624: checking if zts is enabled
configure:3650: result: no
configure:3718: checking for gawk
configure:3749: result: no
configure:3718: checking for nawk
configure:3735: found /usr/bin/nawk
configure:3746: result: nawk
configure:3769: checking if nawk is broken
configure:3776: result: no
configure:3789: checking whether to enable zpheur support
configure:3828: result: yes, shared
configure:3838: checking for PHP version
configure:3863: result: 8.2.24, ok
configure:3867: checking for PCRE2
configure:3873: result: 10.42, ok
configure:3877: checking for OpenSSL
configure:3883: result: OpenSSL 1.1.1f  31 Mar 2020, ok
configure:3887: checking for PHP MongoDB extension
configure:3895: result: 1.20.0, added Voile include
configure:4438: checking how to print strings
configure:4465: result: printf
configure:4486: checking for a sed that does not truncate output
configure:4550: result: /usr/bin/sed
configure:4568: checking for fgrep
configure:4630: result: /usr/bin/grep -F
configure:4665: checking for ld used by cc
configure:4732: result: /usr/bin/ld
configure:4739: checking if the linker (/usr/bin/ld) is GNU ld
configure:4754: result: yes
configure:4766: checking for BSD- or MS-compatible name lister (nm)
configure:4820: result: /usr/bin/nm -B
configure:4950: checking the name lister (/usr/bin/nm -B) interface
configure:4957: cc -c -g -O2  conftest.c >&5
configure:4960: /usr/bin/nm -B "conftest.o"
configure:4963: output
0000000000000000 B some_variable
configure:4964: result: BSD nm
configure:4967: checking whether ln -s works
configure:4971: result: yes
configure:4979: checking the maximum length of command line arguments
configure:5110: result: 1572864
configure:5158: checking how to convert x86_64-pc-linux-gnu file names to x86_64-pc-linux-gnu format
configure:5198: result: func_convert_file_noop
configure:5205: checking how to convert x86_64-pc-linux-gnu file names to toolchain format
configure:5225: result: func_convert_file_noop
configure:5232: checking for /usr/bin/ld option to reload object files
configure:5239: result: -r
configure:5313: checking for objdump
configure:5329: found /usr/bin/objdump
configure:5340: result: objdump
configure:5372: checking how to recognize dependent libraries
configure:5572: result: pass_all
configure:5657: checking for dlltool
configure:5687: result: no
configure:5717: checking how to associate runtime and link libraries
configure:5744: result: printf %s\n
configure:5804: checking for ar
configure:5820: found /usr/bin/ar
configure:5831: result: ar
configure:5868: checking for archiver @FILE support
configure:5885: cc -c -g -O2  conftest.c >&5
configure:5885: $? = 0
configure:5888: ar cr libconftest.a @conftest.lst >&5
configure:5891: $? = 0
configure:5896: ar cr libconftest.a @conftest.lst >&5
ar: conftest.o: No such file or directory
configure:5899: $? = 1
configure:5898: result: @
configure:5956: checking for strip
configure:5972: found /usr/bin/strip
configure:5983: result: strip
configure:6055: checking for ranlib
configure:6071: found /usr/bin/ranlib
configure:6082: result: ranlib
configure:6159: checking for gawk
configure:6186: result: nawk
configure:6226: checking command to parse /usr/bin/nm -B output from cc object
configure:6379: cc -c -g -O2  conftest.c >&5
configure:6382: $? = 0
configure:6386: /usr/bin/nm -B conftest.o | sed -n -e 's/^.*[	 ]\([ABCDGIRSTW][ABCDGIRSTW]*\)[	 ][	 ]*\([_A-Za-z][_A-Za-z0-9]*\)$/\1 \2 \2/p' | sed '/ __gnu_lto/d' > conftest.nm
configure:6452: cc -o conftest -g -O2   conftest.c conftstm.o >&5
configure:6455: $? = 0
configure:6493: result: ok
configure:6540: checking for sysroot
configure:6570: result: no
configure:6577: checking for a working dd
configure:6615: result: /usr/bin/dd
configure:6619: checking how to truncate binary pipes
configure:6634: result: /usr/bin/dd bs=4096 count=1
configure:6770: cc -c -g -O2  conftest.c >&5
configure:6773: $? = 0
configure:6963: checking for mt
configure:6979: found /usr/bin/mt
configure:6990: result: mt
configure:7013: checking if mt is a manifest tool
configure:7019: mt '-?'
configure:7027: result: no
configure:7699: checking for ANSI C header files
configure:7719: cc -c -g -O2  conftest.c >&5
configure:7719: $? = 0
configure:7792: cc -o conftest -g -O2   conftest.c  >&5
configure:7792: $? = 0
configure:7792: ./conftest
configure:7792: $? = 0
configure:7803: result: yes
configure:7816: checking for sys/types.h
configure:7816: cc -c -g -O2  conftest.c >&5
configure:7816: $? = 0
configure:7816: result: yes
configure:7816: checking for sys/stat.h
configure:7816: cc -c -g -O2  conftest.c >&5
configure:7816: $? = 0
configure:7816: result: yes
configure:7816: checking for stdlib.h
configure:7816: cc -c -g -O2  conftest.c >&5
configure:7816: $? = 0
configure:7816: result: yes
configure:7816: checking for string.h
configure:7816: cc -c -g -O2  conftest.c >&5
configure:7816: $? = 0
configure:7816: result: yes
configure:7816: checking for memory.h
configure:7816: cc -c -g -O2  conftest.c >&5
configure:7816: $? = 0
configure:7816: result: yes
configure:7816: checking for strings.h
configure:7816: cc -c -g -O2  conftest.c >&5
configure:7816: $? = 0
configure:7816: result: yes
configure:7816: checking for inttypes.h
configure:7816: cc -c -g -O2  conftest.c >&5
configure:7816: $? = 0
configure:7816: result: yes
configure:7816: checking for stdint.h
configure:7816: cc -c -g -O2  conftest.c >&5
configure:7816: $? = 0
configure:7816: result: yes
configure:7816: checking for unistd.h
configure:7816: cc -c -g -O2  conftest.c >&5
configure:7816: $? = 0
configure:7816: result: yes
configure:7830: checking for dlfcn.h
configure:7830: cc -c -g -O2  conftest.c >&5
configure:7830: $? = 0
configure:7830: result: yes
configure:8086: checking for objdir
configure:8101: result: .libs
configure:8365: checking if cc supports -fno-rtti -fno-exceptions
configure:8383: cc -c -g -O2  -fno-rtti -fno-exceptions conftest.c >&5
cc1: warning: command-line option '-fno-rtti' is valid for C++/D/ObjC++ but not for C
configure:8387: $? = 0
configure:8400: result: no
configure:8764: checking for cc option to produce PIC
configure:8771: result: -fPIC -DPIC
configure:8779: checking if cc PIC flag -fPIC -DPIC works
configure:8797: cc -c -g -O2  -fPIC -DPIC -DPIC conftest.c >&5
configure:8801: $? = 0
configure:8814: result: yes
configure:8843: checking if cc static flag -static works
configure:8871: result: yes
configure:8886: checking if cc supports -c -o file.o
configure:8907: cc -c -g -O2  -o out/conftest2.o conftest.c >&5
configure:8911: $? = 0
configure:8933: result: yes
configure:8941: checking if cc supports -c -o file.o
configure:8988: result: yes
configure:9021: checking whether the cc linker (/usr/bin/ld -m elf_x86_64) supports shared libraries
configure:10284: result: yes
configure:10321: checking whether -lc should be explicitly linked in
configure:10329: cc -c -g -O2  conftest.c >&5
configure:10332: $? = 0
configure:10347: cc -shared  -fPIC -DPIC conftest.o  -v -Wl,-soname -Wl,conftest -o conftest 2\>\&1 \| /usr/bin/grep  -lc  \>/dev/null 2\>\&1
configure:10350: $? = 0
configure:10364: result: no
configure:10524: checking dynamic linker characteristics
configure:11105: cc -o conftest -g -O2   -Wl,-rpath -Wl,/foo conftest.c  >&5
configure:11105: $? = 0
configure:11354: result: GNU/Linux ld.so
configure:11476: checking how to hardcode library paths into programs
configure:11501: result: immediate
configure:12049: checking whether stripping libraries is possible
configure:12054: result: yes
configure:12089: checking if libtool supports shared libraries
configure:12091: result: yes
configure:12094: checking whether to build shared libraries
configure:12119: result: yes
configure:12122: checking whether to build static libraries
configure:12126: result: no
configure:9222: patching config.h.in
configure:9233: creating ./config.status

## ---------------------- ##
## Running config.status. ##
## ---------------------- ##

This file was extended by config.status, which was
generated by GNU Autoconf 2.69.  Invocation command line was

  CONFIG_FILES    = 
  CONFIG_HEADERS  = 
  CONFIG_LINKS    = 
  CONFIG_COMMANDS = 
  $ ./config.status 

on onecthree

config.status:884: creating config.h
config.status:988: executing libtool commands

## ---------------- ##
## Cache variables. ##
## ---------------- ##

ac_cv_build=x86_64-pc-linux-gnu
ac_cv_c_compiler_gnu=yes
ac_cv_env_CC_set=
ac_cv_env_CC_value=
ac_cv_env_CFLAGS_set=
ac_cv_env_CFLAGS_value=
ac_cv_env_CPPFLAGS_set=
ac_cv_env_CPPFLAGS_value=
ac_cv_env_CPP_set=
ac_cv_env_CPP_value=
ac_cv_env_LDFLAGS_set=
ac_cv_env_LDFLAGS_value=
ac_cv_env_LIBS_set=
ac_cv_env_LIBS_value=
ac_cv_env_LT_SYS_LIBRARY_PATH_set=
ac_cv_env_LT_SYS_LIBRARY_PATH_value=
ac_cv_env_PKG_CONFIG_LIBDIR_set=
ac_cv_env_PKG_CONFIG_LIBDIR_value=
ac_cv_env_PKG_CONFIG_PATH_set=
ac_cv_env_PKG_CONFIG_PATH_value=
ac_cv_env_PKG_CONFIG_set=
ac_cv_env_PKG_CONFIG_value=
ac_cv_env_build_alias_set=
ac_cv_env_build_alias_value=
ac_cv_env_host_alias_set=
ac_cv_env_host_alias_value=
ac_cv_env_target_alias_set=
ac_cv_env_target_alias_value=
ac_cv_header_dlfcn_h=yes
ac_cv_header_inttypes_h=yes
ac_cv_header_memory_h=yes
ac_cv_header_stdc=yes
ac_cv_header_stdint_h=yes
ac_cv_header_stdlib_h=yes
ac_cv_header_string_h=yes
ac_cv_header_strings_h=yes
ac_cv_header_sys_stat_h=yes
ac_cv_header_sys_types_h=yes
ac_cv_header_unistd_h=yes
ac_cv_host=x86_64-pc-linux-gnu
ac_cv_objext=o
ac_cv_path_EGREP='/usr/bin/grep -E'
ac_cv_path_FGREP='/usr/bin/grep -F'
ac_cv_path_GREP=/usr/bin/grep
ac_cv_path_SED=/usr/bin/sed
ac_cv_path_ac_pt_PKG_CONFIG=/usr/bin/pkg-config
ac_cv_path_lt_DD=/usr/bin/dd
ac_cv_prog_AWK=nawk
ac_cv_prog_CPP='cc -E'
ac_cv_prog_ac_ct_AR=ar
ac_cv_prog_ac_ct_CC=cc
ac_cv_prog_ac_ct_MANIFEST_TOOL=mt
ac_cv_prog_ac_ct_OBJDUMP=objdump
ac_cv_prog_ac_ct_RANLIB=ranlib
ac_cv_prog_ac_ct_STRIP=strip
ac_cv_prog_cc_c89=
ac_cv_prog_cc_g=yes
ac_cv_target=x86_64-pc-linux-gnu
lt_cv_ar_at_file=@
lt_cv_archive_cmds_need_lc=no
lt_cv_deplibs_check_method=pass_all
lt_cv_file_magic_cmd='$MAGIC_CMD'
lt_cv_file_magic_test_file=
lt_cv_ld_reload_flag=-r
lt_cv_nm_interface='BSD nm'
lt_cv_objdir=.libs
lt_cv_path_LD=/usr/bin/ld
lt_cv_path_NM='/usr/bin/nm -B'
lt_cv_path_mainfest_tool=no
lt_cv_prog_compiler_c_o=yes
lt_cv_prog_compiler_pic='-fPIC -DPIC'
lt_cv_prog_compiler_pic_works=yes
lt_cv_prog_compiler_rtti_exceptions=no
lt_cv_prog_compiler_static_works=yes
lt_cv_prog_gnu_ld=yes
lt_cv_sharedlib_from_linklib_cmd='printf %s\n'
lt_cv_shlibpath_overrides_runpath=yes
lt_cv_sys_global_symbol_pipe='sed -n -e '\''s/^.*[	 ]\([ABCDGIRSTW][ABCDGIRSTW]*\)[	 ][	 ]*\([_A-Za-z][_A-Za-z0-9]*\)$/\1 \2 \2/p'\'' | sed '\''/ __gnu_lto/d'\'''
lt_cv_sys_global_symbol_to_c_name_address='sed -n -e '\''s/^: \(.*\) .*$/  {"\1", (void *) 0},/p'\'' -e '\''s/^[ABCDGIRSTW][ABCDGIRSTW]* .* \(.*\)$/  {"\1", (void *) \&\1},/p'\'''
lt_cv_sys_global_symbol_to_c_name_address_lib_prefix='sed -n -e '\''s/^: \(.*\) .*$/  {"\1", (void *) 0},/p'\'' -e '\''s/^[ABCDGIRSTW][ABCDGIRSTW]* .* \(lib.*\)$/  {"\1", (void *) \&\1},/p'\'' -e '\''s/^[ABCDGIRSTW][ABCDGIRSTW]* .* \(.*\)$/  {"lib\1", (void *) \&\1},/p'\'''
lt_cv_sys_global_symbol_to_cdecl='sed -n -e '\''s/^T .* \(.*\)$/extern int \1();/p'\'' -e '\''s/^[ABCDGIRSTW][ABCDGIRSTW]* .* \(.*\)$/extern char \1;/p'\'''
lt_cv_sys_global_symbol_to_import=
lt_cv_sys_max_cmd_len=1572864
lt_cv_to_host_file_cmd=func_convert_file_noop
lt_cv_to_tool_file_cmd=func_convert_file_noop
lt_cv_truncate_bin='/usr/bin/dd bs=4096 count=1'
php_cv_cc_rpath=yes

## ----------------- ##
## Output variables. ##
## ----------------- ##

AR='ar'
AWK='nawk'
BUILD_CC='cc'
CC='cc'
CFLAGS='-g -O2'
CONFIGURE_COMMAND=' '\''./configure'\'' '
CONFIGURE_OPTIONS=''
CPP='cc -E'
CPPFLAGS=' -DHAVE_CONFIG_H'
DEFS='-DHAVE_CONFIG_H'
DLLTOOL='false'
DSYMUTIL=''
DUMPBIN=''
ECHO_C=''
ECHO_N='-n'
ECHO_T=''
EGREP='/usr/bin/grep -E'
EXEEXT=''
FGREP='/usr/bin/grep -F'
GREP='/usr/bin/grep'
LD='/usr/bin/ld -m elf_x86_64'
LDFLAGS=''
LIBOBJS=''
LIBS=''
LIBTOOL='$(SHELL) $(top_builddir)/libtool'
LIPO=''
LN_S='ln -s'
LTLIBOBJS=''
LT_SYS_LIBRARY_PATH=''
MANIFEST_TOOL=':'
NM='/usr/bin/nm -B'
NMEDIT=''
OBJDUMP='objdump'
OBJEXT='o'
OTOOL64=''
OTOOL=''
PACKAGE_BUGREPORT=''
PACKAGE_NAME=''
PACKAGE_STRING=''
PACKAGE_TARNAME=''
PACKAGE_URL=''
PACKAGE_VERSION=''
PATH_SEPARATOR=':'
PKG_CONFIG='/usr/bin/pkg-config'
PKG_CONFIG_LIBDIR=''
PKG_CONFIG_PATH=''
RANLIB='ranlib'
SED='/usr/bin/sed'
SHELL='/bin/bash'
SHLIB_DL_SUFFIX_NAME='so'
SHLIB_SUFFIX_NAME='so'
STRIP='strip'
ac_ct_AR='ar'
ac_ct_CC='cc'
ac_ct_DUMPBIN=''
bindir='${exec_prefix}/bin'
build='x86_64-pc-linux-gnu'
build_alias=''
build_cpu='x86_64'
build_os='linux-gnu'
build_vendor='pc'
datadir='${datarootdir}'
datarootdir='${prefix}/share'
docdir='${datarootdir}/doc/${PACKAGE}'
dvidir='${docdir}'
exec_prefix='$(prefix)'
host='x86_64-pc-linux-gnu'
host_alias='x86_64-pc-linux-gnu'
host_cpu='x86_64'
host_os='linux-gnu'
host_vendor='pc'
htmldir='${docdir}'
includedir='${prefix}/include'
infodir='${datarootdir}/info'
libdir='${exec_prefix}/lib'
libexecdir='${exec_prefix}/libexec'
localedir='${datarootdir}/locale'
localstatedir='${prefix}/var'
mandir='${datarootdir}/man'
oldincludedir='/usr/include'
pdfdir='${docdir}'
prefix='/usr'
program_transform_name='s,x,x,'
psdir='${docdir}'
runstatedir='${localstatedir}/run'
sbindir='${exec_prefix}/sbin'
sharedstatedir='${prefix}/com'
sysconfdir='${prefix}/etc'
target='x86_64-pc-linux-gnu'
target_alias=''
target_cpu='x86_64'
target_os='linux-gnu'
target_vendor='pc'

## ----------- ##
## confdefs.h. ##
## ----------- ##

/* confdefs.h */
#define PACKAGE_NAME ""
#define PACKAGE_TARNAME ""
#define PACKAGE_VERSION ""
#define PACKAGE_STRING ""
#define PACKAGE_BUGREPORT ""
#define PACKAGE_URL ""
#define COMPILE_DL_ZPHEUR 1
#define STDC_HEADERS 1
#define HAVE_SYS_TYPES_H 1
#define HAVE_SYS_STAT_H 1
#define HAVE_STDLIB_H 1
#define HAVE_STRING_H 1
#define HAVE_MEMORY_H 1
#define HAVE_STRINGS_H 1
#define HAVE_INTTYPES_H 1
#define HAVE_STDINT_H 1
#define HAVE_UNISTD_H 1
#define HAVE_DLFCN_H 1
#define LT_OBJDIR ".libs/"

configure: exit 0
